# JRE version: OpenJDK Runtime Environment Temurin-23.0.2+7 (23.0.2+7) (build 23.0.2+7)
# Java VM: OpenJDK 64-Bit Server VM Temurin-23.0.2+7 (23.0.2+7, mixed mode, sharing, tiered, compressed oops, compressed class ptrs, g1 gc, windows-amd64)
GC Precious Log:
 CardTable entry size: 512
 Card Set container configuration: InlinePtr #cards 5 size 8 Array Of Cards #cards 10 size 36 Howl #buckets 4 coarsen threshold 1843 Howl Bitmap #cards 512 size 80 coarsen threshold 460 Card regions per heap region 1 cards per card region 2048
 CPUs: 4 total, 4 available
 Memory: 3961M
 Large Page Support: Disabled
 NUMA Support: Disabled
 Compressed Oops: Enabled (32-bit)
 Heap Region Size: 1M
 Heap Min Capacity: 8M
 Heap Initial Capacity: 62M
 Heap Max Capacity: 992M
 Pre-touch: Disabled
 Parallel Workers: 4
 Concurrent Workers: 1
 Concurrent Refinement Workers: 4
 Periodic GC: Disabled
Heap:
 garbage-first heap   total reserved 1015808K, committed 96256K, used 34927K [0x00000000c2000000, 0x0000000100000000)
  region size 1024K, 3 young (3072K), 1 survivors (1024K)
 Metaspace       used 28205K, committed 28480K, reserved 1114112K
  class space    used 2858K, committed 3008K, reserved 1048576K
GC Heap History (20 events):
Event: 145.030 GC heap before
{Heap before GC invocations=180 (full 0):
 garbage-first heap   total reserved 1015808K, committed 96256K, used 44131K [0x00000000c2000000, 0x0000000100000000)
  region size 1024K, 4 young (4096K), 1 survivors (1024K)
 Metaspace       used 28083K, committed 28416K, reserved 1114112K
  class space    used 2856K, committed 3008K, reserved 1048576K
}
Event: 145.032 GC heap after
{Heap after GC invocations=181 (full 0):
 garbage-first heap   total reserved 1015808K, committed 96256K, used 41139K [0x00000000c2000000, 0x0000000100000000)
  region size 1024K, 1 young (1024K), 1 survivors (1024K)
 Metaspace       used 28083K, committed 28416K, reserved 1114112K
  class space    used 2856K, committed 3008K, reserved 1048576K
}
Event: 145.160 GC heap before
{Heap before GC invocations=181 (full 0):
 garbage-first heap   total reserved 1015808K, committed 96256K, used 43187K [0x00000000c2000000, 0x0000000100000000)
  region size 1024K, 3 young (3072K), 1 survivors (1024K)
 Metaspace       used 28083K, committed 28416K, reserved 1114112K
  class space    used 2856K, committed 3008K, reserved 1048576K
}
Event: 145.161 GC heap after
{Heap after GC invocations=182 (full 0):
 garbage-first heap   total reserved 1015808K, committed 96256K, used 31844K [0x00000000c2000000, 0x0000000100000000)
  region size 1024K, 1 young (1024K), 1 survivors (1024K)
 Metaspace       used 28083K, committed 28416K, reserved 1114112K
  class space    used 2856K, committed 3008K, reserved 1048576K
}
Event: 146.516 GC heap before
{Heap before GC invocations=182 (full 0):
 garbage-first heap   total reserved 1015808K, committed 96256K, used 44132K [0x00000000c2000000, 0x0000000100000000)
  region size 1024K, 4 young (4096K), 1 survivors (1024K)
 Metaspace       used 28083K, committed 28416K, reserved 1114112K
  class space    used 2856K, committed 3008K, reserved 1048576K
}
Event: 146.517 GC heap after
{Heap after GC invocations=183 (full 0):
 garbage-first heap   total reserved 1015808K, committed 96256K, used 41149K [0x00000000c2000000, 0x0000000100000000)
  region size 1024K, 1 young (1024K), 1 survivors (1024K)
 Metaspace       used 28083K, committed 28416K, reserved 1114112K
  class space    used 2856K, committed 3008K, reserved 1048576K
}
Event: 146.655 GC heap before
{Heap before GC invocations=183 (full 0):
 garbage-first heap   total reserved 1015808K, committed 96256K, used 43197K [0x00000000c2000000, 0x0000000100000000)
  region size 1024K, 3 young (3072K), 1 survivors (1024K)
 Metaspace       used 28083K, committed 28416K, reserved 1114112K
  class space    used 2856K, committed 3008K, reserved 1048576K
}
Event: 146.656 GC heap after
{Heap after GC invocations=184 (full 0):
 garbage-first heap   total reserved 1015808K, committed 96256K, used 31849K [0x00000000c2000000, 0x0000000100000000)
  region size 1024K, 1 young (1024K), 1 survivors (1024K)
 Metaspace       used 28083K, committed 28416K, reserved 1114112K
  class space    used 2856K, committed 3008K, reserved 1048576K
}
Event: 148.087 GC heap before
{Heap before GC invocations=184 (full 0):
 garbage-first heap   total reserved 1015808K, committed 96256K, used 44137K [0x00000000c2000000, 0x0000000100000000)
  region size 1024K, 4 young (4096K), 1 survivors (1024K)
 Metaspace       used 28083K, committed 28416K, reserved 1114112K
  class space    used 2856K, committed 3008K, reserved 1048576K
}
Event: 148.088 GC heap after
{Heap after GC invocations=185 (full 0):
 garbage-first heap   total reserved 1015808K, committed 96256K, used 41141K [0x00000000c2000000, 0x0000000100000000)
  region size 1024K, 1 young (1024K), 1 survivors (1024K)
 Metaspace       used 28083K, committed 28416K, reserved 1114112K
  class space    used 2856K, committed 3008K, reserved 1048576K
}
Event: 148.221 GC heap before
{Heap before GC invocations=185 (full 0):
 garbage-first heap   total reserved 1015808K, committed 96256K, used 43189K [0x00000000c2000000, 0x0000000100000000)
  region size 1024K, 3 young (3072K), 1 survivors (1024K)
 Metaspace       used 28083K, committed 28416K, reserved 1114112K
  class space    used 2856K, committed 3008K, reserved 1048576K
}
Event: 148.222 GC heap after
{Heap after GC invocations=186 (full 0):
 garbage-first heap   total reserved 1015808K, committed 96256K, used 31848K [0x00000000c2000000, 0x0000000100000000)
  region size 1024K, 1 young (1024K), 1 survivors (1024K)
 Metaspace       used 28083K, committed 28416K, reserved 1114112K
  class space    used 2856K, committed 3008K, reserved 1048576K
}
Event: 149.649 GC heap before
{Heap before GC invocations=186 (full 0):
 garbage-first heap   total reserved 1015808K, committed 96256K, used 44136K [0x00000000c2000000, 0x0000000100000000)
  region size 1024K, 4 young (4096K), 1 survivors (1024K)
 Metaspace       used 28083K, committed 28416K, reserved 1114112K
  class space    used 2856K, committed 3008K, reserved 1048576K
}
Event: 149.651 GC heap after
{Heap after GC invocations=187 (full 0):
 garbage-first heap   total reserved 1015808K, committed 96256K, used 41143K [0x00000000c2000000, 0x0000000100000000)
  region size 1024K, 1 young (1024K), 1 survivors (1024K)
 Metaspace       used 28083K, committed 28416K, reserved 1114112K
  class space    used 2856K, committed 3008K, reserved 1048576K
}
Event: 149.807 GC heap before
{Heap before GC invocations=187 (full 0):
 garbage-first heap   total reserved 1015808K, committed 96256K, used 43191K [0x00000000c2000000, 0x0000000100000000)
  region size 1024K, 3 young (3072K), 1 survivors (1024K)
 Metaspace       used 28089K, committed 28416K, reserved 1114112K
  class space    used 2857K, committed 3008K, reserved 1048576K
}
Event: 149.808 GC heap after
{Heap after GC invocations=188 (full 0):
 garbage-first heap   total reserved 1015808K, committed 96256K, used 31852K [0x00000000c2000000, 0x0000000100000000)
  region size 1024K, 1 young (1024K), 1 survivors (1024K)
 Metaspace       used 28089K, committed 28416K, reserved 1114112K
  class space    used 2857K, committed 3008K, reserved 1048576K
}
Event: 151.456 GC heap before
{Heap before GC invocations=188 (full 0):
 garbage-first heap   total reserved 1015808K, committed 96256K, used 44140K [0x00000000c2000000, 0x0000000100000000)
  region size 1024K, 4 young (4096K), 1 survivors (1024K)
 Metaspace       used 28167K, committed 28480K, reserved 1114112K
  class space    used 2857K, committed 3008K, reserved 1048576K
}
Event: 151.458 GC heap after
{Heap after GC invocations=189 (full 0):
 garbage-first heap   total reserved 1015808K, committed 96256K, used 41155K [0x00000000c2000000, 0x0000000100000000)
  region size 1024K, 1 young (1024K), 1 survivors (1024K)
 Metaspace       used 28167K, committed 28480K, reserved 1114112K
  class space    used 2857K, committed 3008K, reserved 1048576K
}
Event: 151.612 GC heap before
{Heap before GC invocations=189 (full 0):
 garbage-first heap   total reserved 1015808K, committed 96256K, used 43203K [0x00000000c2000000, 0x0000000100000000)
  region size 1024K, 3 young (3072K), 1 survivors (1024K)
 Metaspace       used 28184K, committed 28480K, reserved 1114112K
  class space    used 2857K, committed 3008K, reserved 1048576K
}
Event: 151.613 GC heap after
{Heap after GC invocations=190 (full 0):
 garbage-first heap   total reserved 1015808K, committed 96256K, used 31855K [0x00000000c2000000, 0x0000000100000000)
  region size 1024K, 1 young (1024K), 1 survivors (1024K)
 Metaspace       used 28184K, committed 28480K, reserved 1114112K
  class space    used 2857K, committed 3008K, reserved 1048576K
}

