# JRE version: Java(TM) SE Runtime Environment (17.0.10+11) (build 17.0.10+11-LTS-240)
# Java VM: Java HotSpot(TM) 64-Bit Server VM (17.0.10+11-LTS-240, mixed mode, sharing, tiered, compressed oops, compressed class ptrs, g1 gc, windows-amd64)
GC Precious Log:
 CPUs: 4 total, 4 available
 Memory: 3961M
 Large Page Support: Disabled
 NUMA Support: Disabled
 Compressed Oops: Enabled (32-bit)
 Heap Region Size: 1M
 Heap Min Capacity: 8M
 Heap Initial Capacity: 62M
 Heap Max Capacity: 992M
 Pre-touch: Disabled
 Parallel Workers: 4
 Concurrent Workers: 1
 Concurrent Refinement Workers: 4
 Periodic GC: Disabled
Heap:
 garbage-first heap   total 76800K, used 25922K [0x00000000c2000000, 0x0000000100000000)
  region size 1024K, 2 young (2048K), 1 survivors (1024K)
 Metaspace       used 26670K, committed 26944K, reserved 1114112K
  class space    used 2759K, committed 2880K, reserved 1048576K
GC Heap History (20 events):
Event: 2.911 GC heap before
{Heap before GC invocations=5 (full 0):
 garbage-first heap   total 63488K, used 43279K [0x00000000c2000000, 0x0000000100000000)
  region size 1024K, 12 young (12288K), 1 survivors (1024K)
 Metaspace       used 5471K, committed 5632K, reserved 1114112K
  class space    used 431K, committed 512K, reserved 1048576K
}
Event: 2.913 GC heap after
{Heap after GC invocations=6 (full 0):
 garbage-first heap   total 63488K, used 32026K [0x00000000c2000000, 0x0000000100000000)
  region size 1024K, 1 young (1024K), 1 survivors (1024K)
 Metaspace       used 5471K, committed 5632K, reserved 1114112K
  class space    used 431K, committed 512K, reserved 1048576K
}
Event: 3.287 GC heap before
{Heap before GC invocations=7 (full 0):
 garbage-first heap   total 63488K, used 41242K [0x00000000c2000000, 0x0000000100000000)
  region size 1024K, 14 young (14336K), 1 survivors (1024K)
 Metaspace       used 9389K, committed 9472K, reserved 1114112K
  class space    used 458K, committed 512K, reserved 1048576K
}
Event: 3.289 GC heap after
{Heap after GC invocations=8 (full 0):
 garbage-first heap   total 63488K, used 22952K [0x00000000c2000000, 0x0000000100000000)
  region size 1024K, 1 young (1024K), 1 survivors (1024K)
 Metaspace       used 9389K, committed 9472K, reserved 1114112K
  class space    used 458K, committed 512K, reserved 1048576K
}
Event: 3.366 GC heap before
{Heap before GC invocations=8 (full 0):
 garbage-first heap   total 63488K, used 25000K [0x00000000c2000000, 0x0000000100000000)
  region size 1024K, 3 young (3072K), 1 survivors (1024K)
 Metaspace       used 9418K, committed 9536K, reserved 1114112K
  class space    used 464K, committed 512K, reserved 1048576K
}
Event: 3.370 GC heap after
{Heap after GC invocations=9 (full 0):
 garbage-first heap   total 63488K, used 22782K [0x00000000c2000000, 0x0000000100000000)
  region size 1024K, 1 young (1024K), 1 survivors (1024K)
 Metaspace       used 9418K, committed 9536K, reserved 1114112K
  class space    used 464K, committed 512K, reserved 1048576K
}
Event: 3.750 GC heap before
{Heap before GC invocations=9 (full 0):
 garbage-first heap   total 63488K, used 43262K [0x00000000c2000000, 0x0000000100000000)
  region size 1024K, 21 young (21504K), 1 survivors (1024K)
 Metaspace       used 9498K, committed 9600K, reserved 1114112K
  class space    used 477K, committed 512K, reserved 1048576K
}
Event: 3.753 GC heap after
{Heap after GC invocations=10 (full 0):
 garbage-first heap   total 63488K, used 23235K [0x00000000c2000000, 0x0000000100000000)
  region size 1024K, 1 young (1024K), 1 survivors (1024K)
 Metaspace       used 9498K, committed 9600K, reserved 1114112K
  class space    used 477K, committed 512K, reserved 1048576K
}
Event: 4.241 GC heap before
{Heap before GC invocations=10 (full 0):
 garbage-first heap   total 63488K, used 48835K [0x00000000c2000000, 0x0000000100000000)
  region size 1024K, 26 young (26624K), 1 survivors (1024K)
 Metaspace       used 9863K, committed 9984K, reserved 1114112K
  class space    used 570K, committed 640K, reserved 1048576K
}
Event: 4.244 GC heap after
{Heap after GC invocations=11 (full 0):
 garbage-first heap   total 63488K, used 23377K [0x00000000c2000000, 0x0000000100000000)
  region size 1024K, 2 young (2048K), 2 survivors (2048K)
 Metaspace       used 9863K, committed 9984K, reserved 1114112K
  class space    used 570K, committed 640K, reserved 1048576K
}
Event: 5.110 GC heap before
{Heap before GC invocations=11 (full 0):
 garbage-first heap   total 63488K, used 47953K [0x00000000c2000000, 0x0000000100000000)
  region size 1024K, 27 young (27648K), 2 survivors (2048K)
 Metaspace       used 14303K, committed 14464K, reserved 1114112K
  class space    used 1310K, committed 1408K, reserved 1048576K
}
Event: 5.115 GC heap after
{Heap after GC invocations=12 (full 0):
 garbage-first heap   total 63488K, used 23971K [0x00000000c2000000, 0x0000000100000000)
  region size 1024K, 2 young (2048K), 2 survivors (2048K)
 Metaspace       used 14303K, committed 14464K, reserved 1114112K
  class space    used 1310K, committed 1408K, reserved 1048576K
}
Event: 7.096 GC heap before
{Heap before GC invocations=12 (full 0):
 garbage-first heap   total 63488K, used 43427K [0x00000000c2000000, 0x0000000100000000)
  region size 1024K, 22 young (22528K), 2 survivors (2048K)
 Metaspace       used 21295K, committed 21504K, reserved 1114112K
  class space    used 2174K, committed 2304K, reserved 1048576K
}
Event: 7.102 GC heap after
{Heap after GC invocations=13 (full 0):
 garbage-first heap   total 63488K, used 25907K [0x00000000c2000000, 0x0000000100000000)
  region size 1024K, 4 young (4096K), 4 survivors (4096K)
 Metaspace       used 21295K, committed 21504K, reserved 1114112K
  class space    used 2174K, committed 2304K, reserved 1048576K
}
Event: 14.901 GC heap before
{Heap before GC invocations=14 (full 0):
 garbage-first heap   total 63488K, used 42291K [0x00000000c2000000, 0x0000000100000000)
  region size 1024K, 15 young (15360K), 4 survivors (4096K)
 Metaspace       used 26435K, committed 26688K, reserved 1114112K
  class space    used 2758K, committed 2880K, reserved 1048576K
}
Event: 14.910 GC heap after
{Heap after GC invocations=15 (full 0):
 garbage-first heap   total 76800K, used 24987K [0x00000000c2000000, 0x0000000100000000)
  region size 1024K, 4 young (4096K), 4 survivors (4096K)
 Metaspace       used 26435K, committed 26688K, reserved 1114112K
  class space    used 2758K, committed 2880K, reserved 1048576K
}
Event: 16.208 GC heap before
{Heap before GC invocations=15 (full 0):
 garbage-first heap   total 76800K, used 38299K [0x00000000c2000000, 0x0000000100000000)
  region size 1024K, 7 young (7168K), 4 survivors (4096K)
 Metaspace       used 26506K, committed 26688K, reserved 1114112K
  class space    used 2759K, committed 2880K, reserved 1048576K
}
Event: 16.214 GC heap after
{Heap after GC invocations=16 (full 0):
 garbage-first heap   total 76800K, used 30307K [0x00000000c2000000, 0x0000000100000000)
  region size 1024K, 2 young (2048K), 2 survivors (2048K)
 Metaspace       used 26506K, committed 26688K, reserved 1114112K
  class space    used 2759K, committed 2880K, reserved 1048576K
}
Event: 16.705 GC heap before
{Heap before GC invocations=16 (full 0):
 garbage-first heap   total 76800K, used 35427K [0x00000000c2000000, 0x0000000100000000)
  region size 1024K, 4 young (4096K), 2 survivors (2048K)
 Metaspace       used 26524K, committed 26752K, reserved 1114112K
  class space    used 2759K, committed 2880K, reserved 1048576K
}
Event: 16.709 GC heap after
{Heap after GC invocations=17 (full 0):
 garbage-first heap   total 76800K, used 22850K [0x00000000c2000000, 0x0000000100000000)
  region size 1024K, 1 young (1024K), 1 survivors (1024K)
 Metaspace       used 26524K, committed 26752K, reserved 1114112K
  class space    used 2759K, committed 2880K, reserved 1048576K
}

