# JRE version: Java(TM) SE Runtime Environment (17.0.10+11) (build 17.0.10+11-LTS-240)
# Java VM: Java HotSpot(TM) 64-Bit Server VM (17.0.10+11-LTS-240, mixed mode, sharing, tiered, compressed oops, compressed class ptrs, g1 gc, windows-amd64)
GC Precious Log:
 CPUs: 4 total, 4 available
 Memory: 3961M
 Large Page Support: Disabled
 NUMA Support: Disabled
 Compressed Oops: Enabled (32-bit)
 Heap Region Size: 1M
 Heap Min Capacity: 8M
 Heap Initial Capacity: 62M
 Heap Max Capacity: 992M
 Pre-touch: Disabled
 Parallel Workers: 4
 Concurrent Workers: 1
 Concurrent Refinement Workers: 4
 Periodic GC: Disabled
Heap:
 garbage-first heap   total 61440K, used 28117K [0x00000000c2000000, 0x0000000100000000)
  region size 1024K, 3 young (3072K), 1 survivors (1024K)
 Metaspace       used 27263K, committed 27520K, reserved 1114112K
  class space    used 2757K, committed 2880K, reserved 1048576K
GC Heap History (20 events):
Event: 74.273 GC heap before
{Heap before GC invocations=72 (full 0):
 garbage-first heap   total 61440K, used 27074K [0x00000000c2000000, 0x0000000100000000)
  region size 1024K, 2 young (2048K), 1 survivors (1024K)
 Metaspace       used 27053K, committed 27328K, reserved 1114112K
  class space    used 2756K, committed 2880K, reserved 1048576K
}
Event: 74.275 GC heap after
{Heap after GC invocations=73 (full 0):
 garbage-first heap   total 61440K, used 21939K [0x00000000c2000000, 0x0000000100000000)
  region size 1024K, 1 young (1024K), 1 survivors (1024K)
 Metaspace       used 27053K, committed 27328K, reserved 1114112K
  class space    used 2756K, committed 2880K, reserved 1048576K
}
Event: 74.882 GC heap before
{Heap before GC invocations=73 (full 0):
 garbage-first heap   total 61440K, used 28083K [0x00000000c2000000, 0x0000000100000000)
  region size 1024K, 3 young (3072K), 1 survivors (1024K)
 Metaspace       used 27098K, committed 27328K, reserved 1114112K
  class space    used 2757K, committed 2880K, reserved 1048576K
}
Event: 74.884 GC heap after
{Heap after GC invocations=74 (full 0):
 garbage-first heap   total 61440K, used 24009K [0x00000000c2000000, 0x0000000100000000)
  region size 1024K, 1 young (1024K), 1 survivors (1024K)
 Metaspace       used 27098K, committed 27328K, reserved 1114112K
  class space    used 2757K, committed 2880K, reserved 1048576K
}
Event: 75.268 GC heap before
{Heap before GC invocations=74 (full 0):
 garbage-first heap   total 61440K, used 27081K [0x00000000c2000000, 0x0000000100000000)
  region size 1024K, 2 young (2048K), 1 survivors (1024K)
 Metaspace       used 27098K, committed 27328K, reserved 1114112K
  class space    used 2757K, committed 2880K, reserved 1048576K
}
Event: 75.269 GC heap after
{Heap after GC invocations=75 (full 0):
 garbage-first heap   total 61440K, used 21948K [0x00000000c2000000, 0x0000000100000000)
  region size 1024K, 1 young (1024K), 1 survivors (1024K)
 Metaspace       used 27098K, committed 27328K, reserved 1114112K
  class space    used 2757K, committed 2880K, reserved 1048576K
}
Event: 75.928 GC heap before
{Heap before GC invocations=75 (full 0):
 garbage-first heap   total 61440K, used 28092K [0x00000000c2000000, 0x0000000100000000)
  region size 1024K, 3 young (3072K), 1 survivors (1024K)
 Metaspace       used 27100K, committed 27328K, reserved 1114112K
  class space    used 2757K, committed 2880K, reserved 1048576K
}
Event: 75.929 GC heap after
{Heap after GC invocations=76 (full 0):
 garbage-first heap   total 61440K, used 24011K [0x00000000c2000000, 0x0000000100000000)
  region size 1024K, 1 young (1024K), 1 survivors (1024K)
 Metaspace       used 27100K, committed 27328K, reserved 1114112K
  class space    used 2757K, committed 2880K, reserved 1048576K
}
Event: 76.381 GC heap before
{Heap before GC invocations=76 (full 0):
 garbage-first heap   total 61440K, used 27083K [0x00000000c2000000, 0x0000000100000000)
  region size 1024K, 2 young (2048K), 1 survivors (1024K)
 Metaspace       used 27102K, committed 27328K, reserved 1114112K
  class space    used 2757K, committed 2880K, reserved 1048576K
}
Event: 76.382 GC heap after
{Heap after GC invocations=77 (full 0):
 garbage-first heap   total 61440K, used 21948K [0x00000000c2000000, 0x0000000100000000)
  region size 1024K, 1 young (1024K), 1 survivors (1024K)
 Metaspace       used 27102K, committed 27328K, reserved 1114112K
  class space    used 2757K, committed 2880K, reserved 1048576K
}
Event: 77.031 GC heap before
{Heap before GC invocations=77 (full 0):
 garbage-first heap   total 61440K, used 28092K [0x00000000c2000000, 0x0000000100000000)
  region size 1024K, 3 young (3072K), 1 survivors (1024K)
 Metaspace       used 27120K, committed 27392K, reserved 1114112K
  class space    used 2757K, committed 2880K, reserved 1048576K
}
Event: 77.033 GC heap after
{Heap after GC invocations=78 (full 0):
 garbage-first heap   total 61440K, used 24017K [0x00000000c2000000, 0x0000000100000000)
  region size 1024K, 1 young (1024K), 1 survivors (1024K)
 Metaspace       used 27120K, committed 27392K, reserved 1114112K
  class space    used 2757K, committed 2880K, reserved 1048576K
}
Event: 77.381 GC heap before
{Heap before GC invocations=78 (full 0):
 garbage-first heap   total 61440K, used 27089K [0x00000000c2000000, 0x0000000100000000)
  region size 1024K, 2 young (2048K), 1 survivors (1024K)
 Metaspace       used 27123K, committed 27392K, reserved 1114112K
  class space    used 2757K, committed 2880K, reserved 1048576K
}
Event: 77.382 GC heap after
{Heap after GC invocations=79 (full 0):
 garbage-first heap   total 61440K, used 21953K [0x00000000c2000000, 0x0000000100000000)
  region size 1024K, 1 young (1024K), 1 survivors (1024K)
 Metaspace       used 27123K, committed 27392K, reserved 1114112K
  class space    used 2757K, committed 2880K, reserved 1048576K
}
Event: 77.936 GC heap before
{Heap before GC invocations=79 (full 0):
 garbage-first heap   total 61440K, used 28097K [0x00000000c2000000, 0x0000000100000000)
  region size 1024K, 3 young (3072K), 1 survivors (1024K)
 Metaspace       used 27125K, committed 27392K, reserved 1114112K
  class space    used 2757K, committed 2880K, reserved 1048576K
}
Event: 77.937 GC heap after
{Heap after GC invocations=80 (full 0):
 garbage-first heap   total 61440K, used 24017K [0x00000000c2000000, 0x0000000100000000)
  region size 1024K, 1 young (1024K), 1 survivors (1024K)
 Metaspace       used 27125K, committed 27392K, reserved 1114112K
  class space    used 2757K, committed 2880K, reserved 1048576K
}
Event: 78.313 GC heap before
{Heap before GC invocations=80 (full 0):
 garbage-first heap   total 61440K, used 27089K [0x00000000c2000000, 0x0000000100000000)
  region size 1024K, 2 young (2048K), 1 survivors (1024K)
 Metaspace       used 27209K, committed 27456K, reserved 1114112K
  class space    used 2757K, committed 2880K, reserved 1048576K
}
Event: 78.314 GC heap after
{Heap after GC invocations=81 (full 0):
 garbage-first heap   total 61440K, used 21952K [0x00000000c2000000, 0x0000000100000000)
  region size 1024K, 1 young (1024K), 1 survivors (1024K)
 Metaspace       used 27209K, committed 27456K, reserved 1114112K
  class space    used 2757K, committed 2880K, reserved 1048576K
}
Event: 78.923 GC heap before
{Heap before GC invocations=81 (full 0):
 garbage-first heap   total 61440K, used 28096K [0x00000000c2000000, 0x0000000100000000)
  region size 1024K, 3 young (3072K), 1 survivors (1024K)
 Metaspace       used 27249K, committed 27456K, reserved 1114112K
  class space    used 2757K, committed 2880K, reserved 1048576K
}
Event: 78.925 GC heap after
{Heap after GC invocations=82 (full 0):
 garbage-first heap   total 61440K, used 24021K [0x00000000c2000000, 0x0000000100000000)
  region size 1024K, 1 young (1024K), 1 survivors (1024K)
 Metaspace       used 27249K, committed 27456K, reserved 1114112K
  class space    used 2757K, committed 2880K, reserved 1048576K
}

