# JRE version: OpenJDK Runtime Environment Temurin-23.0.2+7 (23.0.2+7) (build 23.0.2+7)
# Java VM: OpenJDK 64-Bit Server VM Temurin-23.0.2+7 (23.0.2+7, mixed mode, sharing, tiered, compressed oops, compressed class ptrs, g1 gc, windows-amd64)
GC Precious Log:
 CardTable entry size: 512
 Card Set container configuration: InlinePtr #cards 5 size 8 Array Of Cards #cards 10 size 36 Howl #buckets 4 coarsen threshold 1843 Howl Bitmap #cards 512 size 80 coarsen threshold 460 Card regions per heap region 1 cards per card region 2048
 CPUs: 4 total, 4 available
 Memory: 3961M
 Large Page Support: Disabled
 NUMA Support: Disabled
 Compressed Oops: Enabled (32-bit)
 Heap Region Size: 1M
 Heap Min Capacity: 8M
 Heap Initial Capacity: 62M
 Heap Max Capacity: 992M
 Pre-touch: Disabled
 Parallel Workers: 4
 Concurrent Workers: 1
 Concurrent Refinement Workers: 4
 Periodic GC: Disabled
Heap:
 garbage-first heap   total reserved 1015808K, committed 151552K, used 69050K [0x00000000c2000000, 0x0000000100000000)
  region size 1024K, 4 young (4096K), 1 survivors (1024K)
 Metaspace       used 27697K, committed 27904K, reserved 1114112K
  class space    used 2856K, committed 2944K, reserved 1048576K
GC Heap History (20 events):
Event: 62.429 GC heap before
{Heap before GC invocations=18 (full 0):
 garbage-first heap   total reserved 1015808K, committed 86016K, used 37009K [0x00000000c2000000, 0x0000000100000000)
  region size 1024K, 2 young (2048K), 1 survivors (1024K)
 Metaspace       used 27222K, committed 27520K, reserved 1114112K
  class space    used 2853K, committed 2944K, reserved 1048576K
}
Event: 62.431 GC heap after
{Heap after GC invocations=19 (full 0):
 garbage-first heap   total reserved 1015808K, committed 86016K, used 36018K [0x00000000c2000000, 0x0000000100000000)
  region size 1024K, 1 young (1024K), 1 survivors (1024K)
 Metaspace       used 27222K, committed 27520K, reserved 1114112K
  class space    used 2853K, committed 2944K, reserved 1048576K
}
Event: 62.516 GC heap before
{Heap before GC invocations=19 (full 0):
 garbage-first heap   total reserved 1015808K, committed 86016K, used 37042K [0x00000000c2000000, 0x0000000100000000)
  region size 1024K, 2 young (2048K), 1 survivors (1024K)
 Metaspace       used 27223K, committed 27520K, reserved 1114112K
  class space    used 2853K, committed 2944K, reserved 1048576K
}
Event: 62.517 GC heap after
{Heap after GC invocations=20 (full 0):
 garbage-first heap   total reserved 1015808K, committed 86016K, used 32922K [0x00000000c2000000, 0x0000000100000000)
  region size 1024K, 1 young (1024K), 1 survivors (1024K)
 Metaspace       used 27223K, committed 27520K, reserved 1114112K
  class space    used 2853K, committed 2944K, reserved 1048576K
}
Event: 62.933 GC heap before
{Heap before GC invocations=20 (full 0):
 garbage-first heap   total reserved 1015808K, committed 86016K, used 38042K [0x00000000c2000000, 0x0000000100000000)
  region size 1024K, 3 young (3072K), 1 survivors (1024K)
 Metaspace       used 27268K, committed 27584K, reserved 1114112K
  class space    used 2855K, committed 2944K, reserved 1048576K
}
Event: 62.935 GC heap after
{Heap after GC invocations=21 (full 0):
 garbage-first heap   total reserved 1015808K, committed 151552K, used 36033K [0x00000000c2000000, 0x0000000100000000)
  region size 1024K, 1 young (1024K), 1 survivors (1024K)
 Metaspace       used 27268K, committed 27584K, reserved 1114112K
  class space    used 2855K, committed 2944K, reserved 1048576K
}
Event: 65.827 GC heap before
{Heap before GC invocations=21 (full 0):
 garbage-first heap   total reserved 1015808K, committed 151552K, used 70849K [0x00000000c2000000, 0x0000000100000000)
  region size 1024K, 6 young (6144K), 1 survivors (1024K)
 Metaspace       used 27363K, committed 27584K, reserved 1114112K
  class space    used 2855K, committed 2944K, reserved 1048576K
}
Event: 65.829 GC heap after
{Heap after GC invocations=22 (full 0):
 garbage-first heap   total reserved 1015808K, committed 151552K, used 62899K [0x00000000c2000000, 0x0000000100000000)
  region size 1024K, 1 young (1024K), 1 survivors (1024K)
 Metaspace       used 27363K, committed 27584K, reserved 1114112K
  class space    used 2855K, committed 2944K, reserved 1048576K
}
Event: 66.211 GC heap before
{Heap before GC invocations=22 (full 0):
 garbage-first heap   total reserved 1015808K, committed 151552K, used 69043K [0x00000000c2000000, 0x0000000100000000)
  region size 1024K, 4 young (4096K), 1 survivors (1024K)
 Metaspace       used 27378K, committed 27584K, reserved 1114112K
  class space    used 2855K, committed 2944K, reserved 1048576K
}
Event: 66.213 GC heap after
{Heap after GC invocations=23 (full 0):
 garbage-first heap   total reserved 1015808K, committed 151552K, used 36057K [0x00000000c2000000, 0x0000000100000000)
  region size 1024K, 1 young (1024K), 1 survivors (1024K)
 Metaspace       used 27378K, committed 27584K, reserved 1114112K
  class space    used 2855K, committed 2944K, reserved 1048576K
}
Event: 68.945 GC heap before
{Heap before GC invocations=23 (full 0):
 garbage-first heap   total reserved 1015808K, committed 151552K, used 70873K [0x00000000c2000000, 0x0000000100000000)
  region size 1024K, 6 young (6144K), 1 survivors (1024K)
 Metaspace       used 27512K, committed 27776K, reserved 1114112K
  class space    used 2855K, committed 2944K, reserved 1048576K
}
Event: 68.947 GC heap after
{Heap after GC invocations=24 (full 0):
 garbage-first heap   total reserved 1015808K, committed 151552K, used 62899K [0x00000000c2000000, 0x0000000100000000)
  region size 1024K, 1 young (1024K), 1 survivors (1024K)
 Metaspace       used 27512K, committed 27776K, reserved 1114112K
  class space    used 2855K, committed 2944K, reserved 1048576K
}
Event: 69.305 GC heap before
{Heap before GC invocations=24 (full 0):
 garbage-first heap   total reserved 1015808K, committed 151552K, used 69043K [0x00000000c2000000, 0x0000000100000000)
  region size 1024K, 4 young (4096K), 1 survivors (1024K)
 Metaspace       used 27516K, committed 27776K, reserved 1114112K
  class space    used 2855K, committed 2944K, reserved 1048576K
}
Event: 69.306 GC heap after
{Heap after GC invocations=25 (full 0):
 garbage-first heap   total reserved 1015808K, committed 151552K, used 36055K [0x00000000c2000000, 0x0000000100000000)
  region size 1024K, 1 young (1024K), 1 survivors (1024K)
 Metaspace       used 27516K, committed 27776K, reserved 1114112K
  class space    used 2855K, committed 2944K, reserved 1048576K
}
Event: 72.119 GC heap before
{Heap before GC invocations=25 (full 0):
 garbage-first heap   total reserved 1015808K, committed 151552K, used 70871K [0x00000000c2000000, 0x0000000100000000)
  region size 1024K, 6 young (6144K), 1 survivors (1024K)
 Metaspace       used 27569K, committed 27840K, reserved 1114112K
  class space    used 2855K, committed 2944K, reserved 1048576K
}
Event: 72.121 GC heap after
{Heap after GC invocations=26 (full 0):
 garbage-first heap   total reserved 1015808K, committed 151552K, used 62898K [0x00000000c2000000, 0x0000000100000000)
  region size 1024K, 1 young (1024K), 1 survivors (1024K)
 Metaspace       used 27569K, committed 27840K, reserved 1114112K
  class space    used 2855K, committed 2944K, reserved 1048576K
}
Event: 72.463 GC heap before
{Heap before GC invocations=26 (full 0):
 garbage-first heap   total reserved 1015808K, committed 151552K, used 70066K [0x00000000c2000000, 0x0000000100000000)
  region size 1024K, 5 young (5120K), 1 survivors (1024K)
 Metaspace       used 27574K, committed 27840K, reserved 1114112K
  class space    used 2855K, committed 2944K, reserved 1048576K
}
Event: 72.465 GC heap after
{Heap after GC invocations=27 (full 0):
 garbage-first heap   total reserved 1015808K, committed 151552K, used 36068K [0x00000000c2000000, 0x0000000100000000)
  region size 1024K, 1 young (1024K), 1 survivors (1024K)
 Metaspace       used 27574K, committed 27840K, reserved 1114112K
  class space    used 2855K, committed 2944K, reserved 1048576K
}
Event: 75.184 GC heap before
{Heap before GC invocations=27 (full 0):
 garbage-first heap   total reserved 1015808K, committed 151552K, used 70884K [0x00000000c2000000, 0x0000000100000000)
  region size 1024K, 6 young (6144K), 1 survivors (1024K)
 Metaspace       used 27677K, committed 27904K, reserved 1114112K
  class space    used 2856K, committed 2944K, reserved 1048576K
}
Event: 75.186 GC heap after
{Heap after GC invocations=28 (full 0):
 garbage-first heap   total reserved 1015808K, committed 151552K, used 62906K [0x00000000c2000000, 0x0000000100000000)
  region size 1024K, 1 young (1024K), 1 survivors (1024K)
 Metaspace       used 27677K, committed 27904K, reserved 1114112K
  class space    used 2856K, committed 2944K, reserved 1048576K
}

