# JRE version: OpenJDK Runtime Environment Temurin-23.0.2+7 (23.0.2+7) (build 23.0.2+7)
# Java VM: OpenJDK 64-Bit Server VM Temurin-23.0.2+7 (23.0.2+7, mixed mode, sharing, tiered, compressed oops, compressed class ptrs, g1 gc, windows-amd64)
GC Precious Log:
 CardTable entry size: 512
 Card Set container configuration: InlinePtr #cards 5 size 8 Array Of Cards #cards 10 size 36 Howl #buckets 4 coarsen threshold 1843 Howl Bitmap #cards 512 size 80 coarsen threshold 460 Card regions per heap region 1 cards per card region 2048
 CPUs: 4 total, 4 available
 Memory: 3961M
 Large Page Support: Disabled
 NUMA Support: Disabled
 Compressed Oops: Enabled (32-bit)
 Heap Region Size: 1M
 Heap Min Capacity: 8M
 Heap Initial Capacity: 62M
 Heap Max Capacity: 992M
 Pre-touch: Disabled
 Parallel Workers: 4
 Concurrent Workers: 1
 Concurrent Refinement Workers: 4
 Periodic GC: Disabled
Heap:
 garbage-first heap   total reserved 1015808K, committed 143360K, used 36780K [0x00000000c2000000, 0x0000000100000000)
  region size 1024K, 4 young (4096K), 1 survivors (1024K)
 Metaspace       used 27736K, committed 27968K, reserved 1114112K
  class space    used 2856K, committed 2944K, reserved 1048576K
GC Heap History (20 events):
Event: 23.191 GC heap before
{Heap before GC invocations=15 (full 0):
 garbage-first heap   total reserved 1015808K, committed 76800K, used 34718K [0x00000000c2000000, 0x0000000100000000)
  region size 1024K, 2 young (2048K), 1 survivors (1024K)
 Metaspace       used 27270K, committed 27520K, reserved 1114112K
  class space    used 2856K, committed 2944K, reserved 1048576K
}
Event: 23.193 GC heap after
{Heap after GC invocations=16 (full 0):
 garbage-first heap   total reserved 1015808K, committed 76800K, used 32647K [0x00000000c2000000, 0x0000000100000000)
  region size 1024K, 1 young (1024K), 1 survivors (1024K)
 Metaspace       used 27270K, committed 27520K, reserved 1114112K
  class space    used 2856K, committed 2944K, reserved 1048576K
}
Event: 23.271 GC heap before
{Heap before GC invocations=16 (full 0):
 garbage-first heap   total reserved 1015808K, committed 76800K, used 33671K [0x00000000c2000000, 0x0000000100000000)
  region size 1024K, 2 young (2048K), 1 survivors (1024K)
 Metaspace       used 27284K, committed 27584K, reserved 1114112K
  class space    used 2856K, committed 2944K, reserved 1048576K
}
Event: 23.273 GC heap after
{Heap after GC invocations=17 (full 0):
 garbage-first heap   total reserved 1015808K, committed 76800K, used 32640K [0x00000000c2000000, 0x0000000100000000)
  region size 1024K, 1 young (1024K), 1 survivors (1024K)
 Metaspace       used 27284K, committed 27584K, reserved 1114112K
  class space    used 2856K, committed 2944K, reserved 1048576K
}
Event: 23.377 GC heap before
{Heap before GC invocations=17 (full 0):
 garbage-first heap   total reserved 1015808K, committed 76800K, used 33664K [0x00000000c2000000, 0x0000000100000000)
  region size 1024K, 2 young (2048K), 1 survivors (1024K)
 Metaspace       used 27285K, committed 27584K, reserved 1114112K
  class space    used 2856K, committed 2944K, reserved 1048576K
}
Event: 23.379 GC heap after
{Heap after GC invocations=18 (full 0):
 garbage-first heap   total reserved 1015808K, committed 76800K, used 32642K [0x00000000c2000000, 0x0000000100000000)
  region size 1024K, 1 young (1024K), 1 survivors (1024K)
 Metaspace       used 27285K, committed 27584K, reserved 1114112K
  class space    used 2856K, committed 2944K, reserved 1048576K
}
Event: 23.452 GC heap before
{Heap before GC invocations=18 (full 0):
 garbage-first heap   total reserved 1015808K, committed 76800K, used 33666K [0x00000000c2000000, 0x0000000100000000)
  region size 1024K, 2 young (2048K), 1 survivors (1024K)
 Metaspace       used 27291K, committed 27584K, reserved 1114112K
  class space    used 2856K, committed 2944K, reserved 1048576K
}
Event: 23.455 GC heap after
{Heap after GC invocations=19 (full 0):
 garbage-first heap   total reserved 1015808K, committed 143360K, used 32640K [0x00000000c2000000, 0x0000000100000000)
  region size 1024K, 1 young (1024K), 1 survivors (1024K)
 Metaspace       used 27291K, committed 27584K, reserved 1114112K
  class space    used 2856K, committed 2944K, reserved 1048576K
}
Event: 26.260 GC heap before
{Heap before GC invocations=19 (full 0):
 garbage-first heap   total reserved 1015808K, committed 143360K, used 67456K [0x00000000c2000000, 0x0000000100000000)
  region size 1024K, 5 young (5120K), 1 survivors (1024K)
 Metaspace       used 27387K, committed 27648K, reserved 1114112K
  class space    used 2856K, committed 2944K, reserved 1048576K
}
Event: 26.262 GC heap after
{Heap after GC invocations=20 (full 0):
 garbage-first heap   total reserved 1015808K, committed 143360K, used 63558K [0x00000000c2000000, 0x0000000100000000)
  region size 1024K, 1 young (1024K), 1 survivors (1024K)
 Metaspace       used 27387K, committed 27648K, reserved 1114112K
  class space    used 2856K, committed 2944K, reserved 1048576K
}
Event: 26.342 GC heap before
{Heap before GC invocations=20 (full 0):
 garbage-first heap   total reserved 1015808K, committed 143360K, used 66630K [0x00000000c2000000, 0x0000000100000000)
  region size 1024K, 4 young (4096K), 1 survivors (1024K)
 Metaspace       used 27393K, committed 27648K, reserved 1114112K
  class space    used 2856K, committed 2944K, reserved 1048576K
}
Event: 26.343 GC heap after
{Heap after GC invocations=21 (full 0):
 garbage-first heap   total reserved 1015808K, committed 143360K, used 32658K [0x00000000c2000000, 0x0000000100000000)
  region size 1024K, 1 young (1024K), 1 survivors (1024K)
 Metaspace       used 27393K, committed 27648K, reserved 1114112K
  class space    used 2856K, committed 2944K, reserved 1048576K
}
Event: 29.317 GC heap before
{Heap before GC invocations=21 (full 0):
 garbage-first heap   total reserved 1015808K, committed 143360K, used 68498K [0x00000000c2000000, 0x0000000100000000)
  region size 1024K, 6 young (6144K), 1 survivors (1024K)
 Metaspace       used 27477K, committed 27712K, reserved 1114112K
  class space    used 2856K, committed 2944K, reserved 1048576K
}
Event: 29.319 GC heap after
{Heap after GC invocations=22 (full 0):
 garbage-first heap   total reserved 1015808K, committed 143360K, used 63651K [0x00000000c2000000, 0x0000000100000000)
  region size 1024K, 1 young (1024K), 1 survivors (1024K)
 Metaspace       used 27477K, committed 27712K, reserved 1114112K
  class space    used 2856K, committed 2944K, reserved 1048576K
}
Event: 29.399 GC heap before
{Heap before GC invocations=22 (full 0):
 garbage-first heap   total reserved 1015808K, committed 143360K, used 66723K [0x00000000c2000000, 0x0000000100000000)
  region size 1024K, 4 young (4096K), 1 survivors (1024K)
 Metaspace       used 27480K, committed 27712K, reserved 1114112K
  class space    used 2856K, committed 2944K, reserved 1048576K
}
Event: 29.401 GC heap after
{Heap after GC invocations=23 (full 0):
 garbage-first heap   total reserved 1015808K, committed 143360K, used 32691K [0x00000000c2000000, 0x0000000100000000)
  region size 1024K, 1 young (1024K), 1 survivors (1024K)
 Metaspace       used 27480K, committed 27712K, reserved 1114112K
  class space    used 2856K, committed 2944K, reserved 1048576K
}
Event: 32.237 GC heap before
{Heap before GC invocations=23 (full 0):
 garbage-first heap   total reserved 1015808K, committed 143360K, used 68531K [0x00000000c2000000, 0x0000000100000000)
  region size 1024K, 6 young (6144K), 1 survivors (1024K)
 Metaspace       used 27655K, committed 27904K, reserved 1114112K
  class space    used 2856K, committed 2944K, reserved 1048576K
}
Event: 32.239 GC heap after
{Heap after GC invocations=24 (full 0):
 garbage-first heap   total reserved 1015808K, committed 143360K, used 63673K [0x00000000c2000000, 0x0000000100000000)
  region size 1024K, 1 young (1024K), 1 survivors (1024K)
 Metaspace       used 27655K, committed 27904K, reserved 1114112K
  class space    used 2856K, committed 2944K, reserved 1048576K
}
Event: 32.321 GC heap before
{Heap before GC invocations=24 (full 0):
 garbage-first heap   total reserved 1015808K, committed 143360K, used 66745K [0x00000000c2000000, 0x0000000100000000)
  region size 1024K, 4 young (4096K), 1 survivors (1024K)
 Metaspace       used 27664K, committed 27904K, reserved 1114112K
  class space    used 2856K, committed 2944K, reserved 1048576K
}
Event: 32.323 GC heap after
{Heap after GC invocations=25 (full 0):
 garbage-first heap   total reserved 1015808K, committed 143360K, used 32684K [0x00000000c2000000, 0x0000000100000000)
  region size 1024K, 1 young (1024K), 1 survivors (1024K)
 Metaspace       used 27664K, committed 27904K, reserved 1114112K
  class space    used 2856K, committed 2944K, reserved 1048576K
}

