# JRE version: OpenJDK Runtime Environment Temurin-23.0.2+7 (23.0.2+7) (build 23.0.2+7)
# Java VM: OpenJDK 64-Bit Server VM Temurin-23.0.2+7 (23.0.2+7, mixed mode, sharing, tiered, compressed oops, compressed class ptrs, g1 gc, windows-amd64)
GC Precious Log:
 CardTable entry size: 512
 Card Set container configuration: InlinePtr #cards 5 size 8 Array Of Cards #cards 10 size 36 Howl #buckets 4 coarsen threshold 1843 Howl Bitmap #cards 512 size 80 coarsen threshold 460 Card regions per heap region 1 cards per card region 2048
 CPUs: 4 total, 4 available
 Memory: 3961M
 Large Page Support: Disabled
 NUMA Support: Disabled
 Compressed Oops: Enabled (32-bit)
 Heap Region Size: 1M
 Heap Min Capacity: 8M
 Heap Initial Capacity: 62M
 Heap Max Capacity: 992M
 Pre-touch: Disabled
 Parallel Workers: 4
 Concurrent Workers: 1
 Concurrent Refinement Workers: 4
 Periodic GC: Disabled
Heap:
 garbage-first heap   total reserved 1015808K, committed 82944K, used 27581K [0x00000000c2000000, 0x0000000100000000)
  region size 1024K, 3 young (3072K), 1 survivors (1024K)
 Metaspace       used 27709K, committed 27968K, reserved 1114112K
  class space    used 2856K, committed 2944K, reserved 1048576K
GC Heap History (20 events):
Event: 66.700 GC heap before
{Heap before GC invocations=9 (full 0):
 garbage-first heap   total reserved 1015808K, committed 63488K, used 36513K [0x00000000c2000000, 0x0000000100000000)
  region size 1024K, 17 young (17408K), 3 survivors (3072K)
 Metaspace       used 21269K, committed 21504K, reserved 1114112K
  class space    used 2134K, committed 2240K, reserved 1048576K
}
Event: 66.717 GC heap after
{Heap after GC invocations=10 (full 0):
 garbage-first heap   total reserved 1015808K, committed 63488K, used 25285K [0x00000000c2000000, 0x0000000100000000)
  region size 1024K, 3 young (3072K), 3 survivors (3072K)
 Metaspace       used 21269K, committed 21504K, reserved 1114112K
  class space    used 2134K, committed 2240K, reserved 1048576K
}
Event: 232.904 GC heap before
{Heap before GC invocations=11 (full 0):
 garbage-first heap   total reserved 1015808K, committed 63488K, used 40645K [0x00000000c2000000, 0x0000000100000000)
  region size 1024K, 15 young (15360K), 3 survivors (3072K)
 Metaspace       used 27247K, committed 27520K, reserved 1114112K
  class space    used 2856K, committed 2944K, reserved 1048576K
}
Event: 232.920 GC heap after
{Heap after GC invocations=12 (full 0):
 garbage-first heap   total reserved 1015808K, committed 63488K, used 31772K [0x00000000c2000000, 0x0000000100000000)
  region size 1024K, 3 young (3072K), 3 survivors (3072K)
 Metaspace       used 27247K, committed 27520K, reserved 1114112K
  class space    used 2856K, committed 2944K, reserved 1048576K
}
Event: 233.916 GC heap before
{Heap before GC invocations=13 (full 0):
 garbage-first heap   total reserved 1015808K, committed 63488K, used 32796K [0x00000000c2000000, 0x0000000100000000)
  region size 1024K, 6 young (6144K), 3 survivors (3072K)
 Metaspace       used 27316K, committed 27584K, reserved 1114112K
  class space    used 2856K, committed 2944K, reserved 1048576K
}
Event: 233.921 GC heap after
{Heap after GC invocations=14 (full 0):
 garbage-first heap   total reserved 1015808K, committed 63488K, used 29852K [0x00000000c2000000, 0x0000000100000000)
  region size 1024K, 2 young (2048K), 2 survivors (2048K)
 Metaspace       used 27316K, committed 27584K, reserved 1114112K
  class space    used 2856K, committed 2944K, reserved 1048576K
}
Event: 236.950 GC heap before
{Heap before GC invocations=15 (full 0):
 garbage-first heap   total reserved 1015808K, committed 69632K, used 68764K [0x00000000c2000000, 0x0000000100000000)
  region size 1024K, 6 young (6144K), 2 survivors (2048K)
 Metaspace       used 27423K, committed 27712K, reserved 1114112K
  class space    used 2856K, committed 2944K, reserved 1048576K
}
Event: 236.955 GC heap after
{Heap after GC invocations=16 (full 0):
 garbage-first heap   total reserved 1015808K, committed 71680K, used 53577K [0x00000000c2000000, 0x0000000100000000)
  region size 1024K, 2 young (2048K), 2 survivors (2048K)
 Metaspace       used 27423K, committed 27712K, reserved 1114112K
  class space    used 2856K, committed 2944K, reserved 1048576K
}
Event: 239.117 GC heap before
{Heap before GC invocations=16 (full 0):
 garbage-first heap   total reserved 1015808K, committed 79872K, used 79177K [0x00000000c2000000, 0x0000000100000000)
  region size 1024K, 5 young (5120K), 2 survivors (2048K)
 Metaspace       used 27548K, committed 27776K, reserved 1114112K
  class space    used 2856K, committed 2944K, reserved 1048576K
}
Event: 239.123 GC heap after
{Heap after GC invocations=17 (full 0):
 garbage-first heap   total reserved 1015808K, committed 82944K, used 42251K [0x00000000c2000000, 0x0000000100000000)
  region size 1024K, 1 young (1024K), 1 survivors (1024K)
 Metaspace       used 27548K, committed 27776K, reserved 1114112K
  class space    used 2856K, committed 2944K, reserved 1048576K
}
Event: 239.129 GC heap before
{Heap before GC invocations=17 (full 0):
 garbage-first heap   total reserved 1015808K, committed 82944K, used 42251K [0x00000000c2000000, 0x0000000100000000)
  region size 1024K, 2 young (2048K), 1 survivors (1024K)
 Metaspace       used 27552K, committed 27776K, reserved 1114112K
  class space    used 2856K, committed 2944K, reserved 1048576K
}
Event: 239.131 GC heap after
{Heap after GC invocations=18 (full 0):
 garbage-first heap   total reserved 1015808K, committed 82944K, used 18416K [0x00000000c2000000, 0x0000000100000000)
  region size 1024K, 1 young (1024K), 1 survivors (1024K)
 Metaspace       used 27552K, committed 27776K, reserved 1114112K
  class space    used 2856K, committed 2944K, reserved 1048576K
}
Event: 240.756 GC heap before
{Heap before GC invocations=18 (full 0):
 garbage-first heap   total reserved 1015808K, committed 82944K, used 38896K [0x00000000c2000000, 0x0000000100000000)
  region size 1024K, 4 young (4096K), 1 survivors (1024K)
 Metaspace       used 27628K, committed 27904K, reserved 1114112K
  class space    used 2856K, committed 2944K, reserved 1048576K
}
Event: 240.758 GC heap after
{Heap after GC invocations=19 (full 0):
 garbage-first heap   total reserved 1015808K, committed 82944K, used 36929K [0x00000000c2000000, 0x0000000100000000)
  region size 1024K, 1 young (1024K), 1 survivors (1024K)
 Metaspace       used 27628K, committed 27904K, reserved 1114112K
  class space    used 2856K, committed 2944K, reserved 1048576K
}
Event: 240.843 GC heap before
{Heap before GC invocations=19 (full 0):
 garbage-first heap   total reserved 1015808K, committed 82944K, used 38977K [0x00000000c2000000, 0x0000000100000000)
  region size 1024K, 3 young (3072K), 1 survivors (1024K)
 Metaspace       used 27629K, committed 27904K, reserved 1114112K
  class space    used 2856K, committed 2944K, reserved 1048576K
}
Event: 240.845 GC heap after
{Heap after GC invocations=20 (full 0):
 garbage-first heap   total reserved 1015808K, committed 82944K, used 19374K [0x00000000c2000000, 0x0000000100000000)
  region size 1024K, 1 young (1024K), 1 survivors (1024K)
 Metaspace       used 27629K, committed 27904K, reserved 1114112K
  class space    used 2856K, committed 2944K, reserved 1048576K
}
Event: 242.470 GC heap before
{Heap before GC invocations=20 (full 0):
 garbage-first heap   total reserved 1015808K, committed 82944K, used 38830K [0x00000000c2000000, 0x0000000100000000)
  region size 1024K, 4 young (4096K), 1 survivors (1024K)
 Metaspace       used 27656K, committed 27904K, reserved 1114112K
  class space    used 2856K, committed 2944K, reserved 1048576K
}
Event: 242.471 GC heap after
{Heap after GC invocations=21 (full 0):
 garbage-first heap   total reserved 1015808K, committed 82944K, used 35899K [0x00000000c2000000, 0x0000000100000000)
  region size 1024K, 1 young (1024K), 1 survivors (1024K)
 Metaspace       used 27656K, committed 27904K, reserved 1114112K
  class space    used 2856K, committed 2944K, reserved 1048576K
}
Event: 242.551 GC heap before
{Heap before GC invocations=21 (full 0):
 garbage-first heap   total reserved 1015808K, committed 82944K, used 37947K [0x00000000c2000000, 0x0000000100000000)
  region size 1024K, 3 young (3072K), 1 survivors (1024K)
 Metaspace       used 27657K, committed 27904K, reserved 1114112K
  class space    used 2856K, committed 2944K, reserved 1048576K
}
Event: 242.552 GC heap after
{Heap after GC invocations=22 (full 0):
 garbage-first heap   total reserved 1015808K, committed 82944K, used 19389K [0x00000000c2000000, 0x0000000100000000)
  region size 1024K, 1 young (1024K), 1 survivors (1024K)
 Metaspace       used 27657K, committed 27904K, reserved 1114112K
  class space    used 2856K, committed 2944K, reserved 1048576K
}

