# JRE version: OpenJDK Runtime Environment Temurin-23.0.2+7 (23.0.2+7) (build 23.0.2+7)
# Java VM: OpenJDK 64-Bit Server VM Temurin-23.0.2+7 (23.0.2+7, mixed mode, sharing, tiered, compressed oops, compressed class ptrs, g1 gc, windows-amd64)
GC Precious Log:
 CardTable entry size: 512
 Card Set container configuration: InlinePtr #cards 5 size 8 Array Of Cards #cards 10 size 36 Howl #buckets 4 coarsen threshold 1843 Howl Bitmap #cards 512 size 80 coarsen threshold 460 Card regions per heap region 1 cards per card region 2048
 CPUs: 4 total, 4 available
 Memory: 3961M
 Large Page Support: Disabled
 NUMA Support: Disabled
 Compressed Oops: Enabled (32-bit)
 Heap Region Size: 1M
 Heap Min Capacity: 8M
 Heap Initial Capacity: 62M
 Heap Max Capacity: 992M
 Pre-touch: Disabled
 Parallel Workers: 4
 Concurrent Workers: 1
 Concurrent Refinement Workers: 4
 Periodic GC: Disabled
Heap:
 garbage-first heap   total reserved 1015808K, committed 76800K, used 35072K [0x00000000c2000000, 0x0000000100000000)
  region size 1024K, 4 young (4096K), 1 survivors (1024K)
 Metaspace       used 28286K, committed 28544K, reserved 1114112K
  class space    used 2856K, committed 2944K, reserved 1048576K
GC Heap History (20 events):
Event: 154.906 GC heap before
{Heap before GC invocations=155 (full 0):
 garbage-first heap   total reserved 1015808K, committed 76800K, used 34036K [0x00000000c2000000, 0x0000000100000000)
  region size 1024K, 3 young (3072K), 1 survivors (1024K)
 Metaspace       used 28089K, committed 28352K, reserved 1114112K
  class space    used 2855K, committed 2944K, reserved 1048576K
}
Event: 154.907 GC heap after
{Heap after GC invocations=156 (full 0):
 garbage-first heap   total reserved 1015808K, committed 76800K, used 22723K [0x00000000c2000000, 0x0000000100000000)
  region size 1024K, 1 young (1024K), 1 survivors (1024K)
 Metaspace       used 28089K, committed 28352K, reserved 1114112K
  class space    used 2855K, committed 2944K, reserved 1048576K
}
Event: 156.352 GC heap before
{Heap before GC invocations=156 (full 0):
 garbage-first heap   total reserved 1015808K, committed 76800K, used 35011K [0x00000000c2000000, 0x0000000100000000)
  region size 1024K, 4 young (4096K), 1 survivors (1024K)
 Metaspace       used 28094K, committed 28352K, reserved 1114112K
  class space    used 2855K, committed 2944K, reserved 1048576K
}
Event: 156.354 GC heap after
{Heap after GC invocations=157 (full 0):
 garbage-first heap   total reserved 1015808K, committed 76800K, used 28919K [0x00000000c2000000, 0x0000000100000000)
  region size 1024K, 1 young (1024K), 1 survivors (1024K)
 Metaspace       used 28094K, committed 28352K, reserved 1114112K
  class space    used 2855K, committed 2944K, reserved 1048576K
}
Event: 201.330 GC heap before
{Heap before GC invocations=157 (full 0):
 garbage-first heap   total reserved 1015808K, committed 76800K, used 35063K [0x00000000c2000000, 0x0000000100000000)
  region size 1024K, 4 young (4096K), 1 survivors (1024K)
 Metaspace       used 28230K, committed 28480K, reserved 1114112K
  class space    used 2855K, committed 2944K, reserved 1048576K
}
Event: 201.332 GC heap after
{Heap after GC invocations=158 (full 0):
 garbage-first heap   total reserved 1015808K, committed 76800K, used 22736K [0x00000000c2000000, 0x0000000100000000)
  region size 1024K, 1 young (1024K), 1 survivors (1024K)
 Metaspace       used 28230K, committed 28480K, reserved 1114112K
  class space    used 2855K, committed 2944K, reserved 1048576K
}
Event: 202.667 GC heap before
{Heap before GC invocations=158 (full 0):
 garbage-first heap   total reserved 1015808K, committed 76800K, used 35024K [0x00000000c2000000, 0x0000000100000000)
  region size 1024K, 4 young (4096K), 1 survivors (1024K)
 Metaspace       used 28243K, committed 28480K, reserved 1114112K
  class space    used 2855K, committed 2944K, reserved 1048576K
}
Event: 202.668 GC heap after
{Heap after GC invocations=159 (full 0):
 garbage-first heap   total reserved 1015808K, committed 76800K, used 28929K [0x00000000c2000000, 0x0000000100000000)
  region size 1024K, 1 young (1024K), 1 survivors (1024K)
 Metaspace       used 28243K, committed 28480K, reserved 1114112K
  class space    used 2855K, committed 2944K, reserved 1048576K
}
Event: 203.234 GC heap before
{Heap before GC invocations=159 (full 0):
 garbage-first heap   total reserved 1015808K, committed 76800K, used 34049K [0x00000000c2000000, 0x0000000100000000)
  region size 1024K, 3 young (3072K), 1 survivors (1024K)
 Metaspace       used 28243K, committed 28480K, reserved 1114112K
  class space    used 2855K, committed 2944K, reserved 1048576K
}
Event: 203.236 GC heap after
{Heap after GC invocations=160 (full 0):
 garbage-first heap   total reserved 1015808K, committed 76800K, used 22730K [0x00000000c2000000, 0x0000000100000000)
  region size 1024K, 1 young (1024K), 1 survivors (1024K)
 Metaspace       used 28243K, committed 28480K, reserved 1114112K
  class space    used 2855K, committed 2944K, reserved 1048576K
}
Event: 204.663 GC heap before
{Heap before GC invocations=160 (full 0):
 garbage-first heap   total reserved 1015808K, committed 76800K, used 35018K [0x00000000c2000000, 0x0000000100000000)
  region size 1024K, 4 young (4096K), 1 survivors (1024K)
 Metaspace       used 28243K, committed 28480K, reserved 1114112K
  class space    used 2855K, committed 2944K, reserved 1048576K
}
Event: 204.665 GC heap after
{Heap after GC invocations=161 (full 0):
 garbage-first heap   total reserved 1015808K, committed 76800K, used 28925K [0x00000000c2000000, 0x0000000100000000)
  region size 1024K, 1 young (1024K), 1 survivors (1024K)
 Metaspace       used 28243K, committed 28480K, reserved 1114112K
  class space    used 2855K, committed 2944K, reserved 1048576K
}
Event: 205.201 GC heap before
{Heap before GC invocations=161 (full 0):
 garbage-first heap   total reserved 1015808K, committed 76800K, used 34045K [0x00000000c2000000, 0x0000000100000000)
  region size 1024K, 3 young (3072K), 1 survivors (1024K)
 Metaspace       used 28243K, committed 28480K, reserved 1114112K
  class space    used 2855K, committed 2944K, reserved 1048576K
}
Event: 205.204 GC heap after
{Heap after GC invocations=162 (full 0):
 garbage-first heap   total reserved 1015808K, committed 76800K, used 22735K [0x00000000c2000000, 0x0000000100000000)
  region size 1024K, 1 young (1024K), 1 survivors (1024K)
 Metaspace       used 28243K, committed 28480K, reserved 1114112K
  class space    used 2855K, committed 2944K, reserved 1048576K
}
Event: 206.634 GC heap before
{Heap before GC invocations=162 (full 0):
 garbage-first heap   total reserved 1015808K, committed 76800K, used 35023K [0x00000000c2000000, 0x0000000100000000)
  region size 1024K, 4 young (4096K), 1 survivors (1024K)
 Metaspace       used 28243K, committed 28480K, reserved 1114112K
  class space    used 2855K, committed 2944K, reserved 1048576K
}
Event: 206.637 GC heap after
{Heap after GC invocations=163 (full 0):
 garbage-first heap   total reserved 1015808K, committed 76800K, used 28931K [0x00000000c2000000, 0x0000000100000000)
  region size 1024K, 1 young (1024K), 1 survivors (1024K)
 Metaspace       used 28243K, committed 28480K, reserved 1114112K
  class space    used 2855K, committed 2944K, reserved 1048576K
}
Event: 207.212 GC heap before
{Heap before GC invocations=163 (full 0):
 garbage-first heap   total reserved 1015808K, committed 76800K, used 34051K [0x00000000c2000000, 0x0000000100000000)
  region size 1024K, 3 young (3072K), 1 survivors (1024K)
 Metaspace       used 28243K, committed 28480K, reserved 1114112K
  class space    used 2855K, committed 2944K, reserved 1048576K
}
Event: 207.213 GC heap after
{Heap after GC invocations=164 (full 0):
 garbage-first heap   total reserved 1015808K, committed 76800K, used 22730K [0x00000000c2000000, 0x0000000100000000)
  region size 1024K, 1 young (1024K), 1 survivors (1024K)
 Metaspace       used 28243K, committed 28480K, reserved 1114112K
  class space    used 2855K, committed 2944K, reserved 1048576K
}
Event: 208.713 GC heap before
{Heap before GC invocations=164 (full 0):
 garbage-first heap   total reserved 1015808K, committed 76800K, used 35018K [0x00000000c2000000, 0x0000000100000000)
  region size 1024K, 4 young (4096K), 1 survivors (1024K)
 Metaspace       used 28262K, committed 28480K, reserved 1114112K
  class space    used 2855K, committed 2944K, reserved 1048576K
}
Event: 208.715 GC heap after
{Heap after GC invocations=165 (full 0):
 garbage-first heap   total reserved 1015808K, committed 76800K, used 28928K [0x00000000c2000000, 0x0000000100000000)
  region size 1024K, 1 young (1024K), 1 survivors (1024K)
 Metaspace       used 28262K, committed 28480K, reserved 1114112K
  class space    used 2855K, committed 2944K, reserved 1048576K
}

