# JRE version: Java(TM) SE Runtime Environment (17.0.10+11) (build 17.0.10+11-LTS-240)
# Java VM: Java HotSpot(TM) 64-Bit Server VM (17.0.10+11-LTS-240, mixed mode, sharing, tiered, compressed oops, compressed class ptrs, g1 gc, windows-amd64)
GC Precious Log:
 CPUs: 4 total, 4 available
 Memory: 3961M
 Large Page Support: Disabled
 NUMA Support: Disabled
 Compressed Oops: Enabled (32-bit)
 Heap Region Size: 1M
 Heap Min Capacity: 8M
 Heap Initial Capacity: 62M
 Heap Max Capacity: 992M
 Pre-touch: Disabled
 Parallel Workers: 4
 Concurrent Workers: 1
 Concurrent Refinement Workers: 4
 Periodic GC: Disabled
Heap:
 garbage-first heap   total 78848K, used 25908K [0x00000000c2000000, 0x0000000100000000)
  region size 1024K, 3 young (3072K), 1 survivors (1024K)
 Metaspace       used 27556K, committed 27776K, reserved 1114112K
  class space    used 2758K, committed 2880K, reserved 1048576K
GC Heap History (20 events):
Event: 145.484 GC heap before
{Heap before GC invocations=84 (full 0):
 garbage-first heap   total 78848K, used 35112K [0x00000000c2000000, 0x0000000100000000)
  region size 1024K, 3 young (3072K), 1 survivors (1024K)
 Metaspace       used 27487K, committed 27712K, reserved 1114112K
  class space    used 2758K, committed 2880K, reserved 1048576K
}
Event: 145.485 GC heap after
{Heap after GC invocations=85 (full 0):
 garbage-first heap   total 78848K, used 30042K [0x00000000c2000000, 0x0000000100000000)
  region size 1024K, 1 young (1024K), 1 survivors (1024K)
 Metaspace       used 27487K, committed 27712K, reserved 1114112K
  class space    used 2758K, committed 2880K, reserved 1048576K
}
Event: 145.938 GC heap before
{Heap before GC invocations=85 (full 0):
 garbage-first heap   total 78848K, used 34138K [0x00000000c2000000, 0x0000000100000000)
  region size 1024K, 2 young (2048K), 1 survivors (1024K)
 Metaspace       used 27487K, committed 27712K, reserved 1114112K
  class space    used 2758K, committed 2880K, reserved 1048576K
}
Event: 145.939 GC heap after
{Heap after GC invocations=86 (full 0):
 garbage-first heap   total 78848K, used 23848K [0x00000000c2000000, 0x0000000100000000)
  region size 1024K, 1 young (1024K), 1 survivors (1024K)
 Metaspace       used 27487K, committed 27712K, reserved 1114112K
  class space    used 2758K, committed 2880K, reserved 1048576K
}
Event: 147.328 GC heap before
{Heap before GC invocations=86 (full 0):
 garbage-first heap   total 78848K, used 35112K [0x00000000c2000000, 0x0000000100000000)
  region size 1024K, 3 young (3072K), 1 survivors (1024K)
 Metaspace       used 27487K, committed 27712K, reserved 1114112K
  class space    used 2758K, committed 2880K, reserved 1048576K
}
Event: 147.329 GC heap after
{Heap after GC invocations=87 (full 0):
 garbage-first heap   total 78848K, used 30072K [0x00000000c2000000, 0x0000000100000000)
  region size 1024K, 1 young (1024K), 1 survivors (1024K)
 Metaspace       used 27487K, committed 27712K, reserved 1114112K
  class space    used 2758K, committed 2880K, reserved 1048576K
}
Event: 147.919 GC heap before
{Heap before GC invocations=87 (full 0):
 garbage-first heap   total 78848K, used 35192K [0x00000000c2000000, 0x0000000100000000)
  region size 1024K, 3 young (3072K), 1 survivors (1024K)
 Metaspace       used 27487K, committed 27712K, reserved 1114112K
  class space    used 2758K, committed 2880K, reserved 1048576K
}
Event: 147.920 GC heap after
{Heap after GC invocations=88 (full 0):
 garbage-first heap   total 78848K, used 23859K [0x00000000c2000000, 0x0000000100000000)
  region size 1024K, 1 young (1024K), 1 survivors (1024K)
 Metaspace       used 27487K, committed 27712K, reserved 1114112K
  class space    used 2758K, committed 2880K, reserved 1048576K
}
Event: 149.472 GC heap before
{Heap before GC invocations=88 (full 0):
 garbage-first heap   total 78848K, used 36147K [0x00000000c2000000, 0x0000000100000000)
  region size 1024K, 4 young (4096K), 1 survivors (1024K)
 Metaspace       used 27491K, committed 27712K, reserved 1114112K
  class space    used 2758K, committed 2880K, reserved 1048576K
}
Event: 149.474 GC heap after
{Heap after GC invocations=89 (full 0):
 garbage-first heap   total 78848K, used 30134K [0x00000000c2000000, 0x0000000100000000)
  region size 1024K, 1 young (1024K), 1 survivors (1024K)
 Metaspace       used 27491K, committed 27712K, reserved 1114112K
  class space    used 2758K, committed 2880K, reserved 1048576K
}
Event: 150.123 GC heap before
{Heap before GC invocations=89 (full 0):
 garbage-first heap   total 78848K, used 35254K [0x00000000c2000000, 0x0000000100000000)
  region size 1024K, 3 young (3072K), 1 survivors (1024K)
 Metaspace       used 27491K, committed 27712K, reserved 1114112K
  class space    used 2758K, committed 2880K, reserved 1048576K
}
Event: 150.124 GC heap after
{Heap after GC invocations=90 (full 0):
 garbage-first heap   total 78848K, used 23902K [0x00000000c2000000, 0x0000000100000000)
  region size 1024K, 1 young (1024K), 1 survivors (1024K)
 Metaspace       used 27491K, committed 27712K, reserved 1114112K
  class space    used 2758K, committed 2880K, reserved 1048576K
}
Event: 151.548 GC heap before
{Heap before GC invocations=90 (full 0):
 garbage-first heap   total 78848K, used 36190K [0x00000000c2000000, 0x0000000100000000)
  region size 1024K, 4 young (4096K), 1 survivors (1024K)
 Metaspace       used 27491K, committed 27712K, reserved 1114112K
  class space    used 2758K, committed 2880K, reserved 1048576K
}
Event: 151.550 GC heap after
{Heap after GC invocations=91 (full 0):
 garbage-first heap   total 78848K, used 30115K [0x00000000c2000000, 0x0000000100000000)
  region size 1024K, 1 young (1024K), 1 survivors (1024K)
 Metaspace       used 27491K, committed 27712K, reserved 1114112K
  class space    used 2758K, committed 2880K, reserved 1048576K
}
Event: 152.068 GC heap before
{Heap before GC invocations=91 (full 0):
 garbage-first heap   total 78848K, used 34211K [0x00000000c2000000, 0x0000000100000000)
  region size 1024K, 2 young (2048K), 1 survivors (1024K)
 Metaspace       used 27491K, committed 27712K, reserved 1114112K
  class space    used 2758K, committed 2880K, reserved 1048576K
}
Event: 152.069 GC heap after
{Heap after GC invocations=92 (full 0):
 garbage-first heap   total 78848K, used 23870K [0x00000000c2000000, 0x0000000100000000)
  region size 1024K, 1 young (1024K), 1 survivors (1024K)
 Metaspace       used 27491K, committed 27712K, reserved 1114112K
  class space    used 2758K, committed 2880K, reserved 1048576K
}
Event: 153.416 GC heap before
{Heap before GC invocations=92 (full 0):
 garbage-first heap   total 78848K, used 35134K [0x00000000c2000000, 0x0000000100000000)
  region size 1024K, 3 young (3072K), 1 survivors (1024K)
 Metaspace       used 27524K, committed 27776K, reserved 1114112K
  class space    used 2758K, committed 2880K, reserved 1048576K
}
Event: 153.417 GC heap after
{Heap after GC invocations=93 (full 0):
 garbage-first heap   total 78848K, used 30056K [0x00000000c2000000, 0x0000000100000000)
  region size 1024K, 1 young (1024K), 1 survivors (1024K)
 Metaspace       used 27524K, committed 27776K, reserved 1114112K
  class space    used 2758K, committed 2880K, reserved 1048576K
}
Event: 153.986 GC heap before
{Heap before GC invocations=93 (full 0):
 garbage-first heap   total 78848K, used 35176K [0x00000000c2000000, 0x0000000100000000)
  region size 1024K, 3 young (3072K), 1 survivors (1024K)
 Metaspace       used 27524K, committed 27776K, reserved 1114112K
  class space    used 2758K, committed 2880K, reserved 1048576K
}
Event: 153.987 GC heap after
{Heap after GC invocations=94 (full 0):
 garbage-first heap   total 78848K, used 23860K [0x00000000c2000000, 0x0000000100000000)
  region size 1024K, 1 young (1024K), 1 survivors (1024K)
 Metaspace       used 27524K, committed 27776K, reserved 1114112K
  class space    used 2758K, committed 2880K, reserved 1048576K
}

