# JRE version: OpenJDK Runtime Environment Temurin-23.0.2+7 (23.0.2+7) (build 23.0.2+7)
# Java VM: OpenJDK 64-Bit Server VM Temurin-23.0.2+7 (23.0.2+7, mixed mode, sharing, tiered, compressed oops, compressed class ptrs, g1 gc, windows-amd64)
GC Precious Log:
 CardTable entry size: 512
 Card Set container configuration: InlinePtr #cards 5 size 8 Array Of Cards #cards 10 size 36 Howl #buckets 4 coarsen threshold 1843 Howl Bitmap #cards 512 size 80 coarsen threshold 460 Card regions per heap region 1 cards per card region 2048
 CPUs: 4 total, 4 available
 Memory: 3961M
 Large Page Support: Disabled
 NUMA Support: Disabled
 Compressed Oops: Enabled (32-bit)
 Heap Region Size: 1M
 Heap Min Capacity: 8M
 Heap Initial Capacity: 62M
 Heap Max Capacity: 992M
 Pre-touch: Disabled
 Parallel Workers: 4
 Concurrent Workers: 1
 Concurrent Refinement Workers: 4
 Periodic GC: Disabled
Heap:
 garbage-first heap   total reserved 1015808K, committed 97280K, used 44261K [0x00000000c2000000, 0x0000000100000000)
  region size 1024K, 4 young (4096K), 1 survivors (1024K)
 Metaspace       used 28129K, committed 28416K, reserved 1114112K
  class space    used 2860K, committed 3008K, reserved 1048576K
GC Heap History (20 events):
Event: 78.519 GC heap before
{Heap before GC invocations=75 (full 0):
 garbage-first heap   total reserved 1015808K, committed 97280K, used 43197K [0x00000000c2000000, 0x0000000100000000)
  region size 1024K, 3 young (3072K), 1 survivors (1024K)
 Metaspace       used 27950K, committed 28288K, reserved 1114112K
  class space    used 2857K, committed 3008K, reserved 1048576K
}
Event: 78.521 GC heap after
{Heap after GC invocations=76 (full 0):
 garbage-first heap   total reserved 1015808K, committed 97280K, used 32891K [0x00000000c2000000, 0x0000000100000000)
  region size 1024K, 1 young (1024K), 1 survivors (1024K)
 Metaspace       used 27950K, committed 28288K, reserved 1114112K
  class space    used 2857K, committed 3008K, reserved 1048576K
}
Event: 79.879 GC heap before
{Heap before GC invocations=76 (full 0):
 garbage-first heap   total reserved 1015808K, committed 97280K, used 44155K [0x00000000c2000000, 0x0000000100000000)
  region size 1024K, 4 young (4096K), 1 survivors (1024K)
 Metaspace       used 27966K, committed 28288K, reserved 1114112K
  class space    used 2857K, committed 3008K, reserved 1048576K
}
Event: 79.881 GC heap after
{Heap after GC invocations=77 (full 0):
 garbage-first heap   total reserved 1015808K, committed 97280K, used 41153K [0x00000000c2000000, 0x0000000100000000)
  region size 1024K, 1 young (1024K), 1 survivors (1024K)
 Metaspace       used 27966K, committed 28288K, reserved 1114112K
  class space    used 2857K, committed 3008K, reserved 1048576K
}
Event: 80.047 GC heap before
{Heap before GC invocations=77 (full 0):
 garbage-first heap   total reserved 1015808K, committed 97280K, used 43201K [0x00000000c2000000, 0x0000000100000000)
  region size 1024K, 3 young (3072K), 1 survivors (1024K)
 Metaspace       used 27969K, committed 28288K, reserved 1114112K
  class space    used 2857K, committed 3008K, reserved 1048576K
}
Event: 80.048 GC heap after
{Heap after GC invocations=78 (full 0):
 garbage-first heap   total reserved 1015808K, committed 97280K, used 32895K [0x00000000c2000000, 0x0000000100000000)
  region size 1024K, 1 young (1024K), 1 survivors (1024K)
 Metaspace       used 27969K, committed 28288K, reserved 1114112K
  class space    used 2857K, committed 3008K, reserved 1048576K
}
Event: 81.370 GC heap before
{Heap before GC invocations=78 (full 0):
 garbage-first heap   total reserved 1015808K, committed 97280K, used 44159K [0x00000000c2000000, 0x0000000100000000)
  region size 1024K, 4 young (4096K), 1 survivors (1024K)
 Metaspace       used 27969K, committed 28288K, reserved 1114112K
  class space    used 2857K, committed 3008K, reserved 1048576K
}
Event: 81.372 GC heap after
{Heap after GC invocations=79 (full 0):
 garbage-first heap   total reserved 1015808K, committed 97280K, used 41157K [0x00000000c2000000, 0x0000000100000000)
  region size 1024K, 1 young (1024K), 1 survivors (1024K)
 Metaspace       used 27969K, committed 28288K, reserved 1114112K
  class space    used 2857K, committed 3008K, reserved 1048576K
}
Event: 81.521 GC heap before
{Heap before GC invocations=79 (full 0):
 garbage-first heap   total reserved 1015808K, committed 97280K, used 43205K [0x00000000c2000000, 0x0000000100000000)
  region size 1024K, 3 young (3072K), 1 survivors (1024K)
 Metaspace       used 27969K, committed 28288K, reserved 1114112K
  class space    used 2857K, committed 3008K, reserved 1048576K
}
Event: 81.523 GC heap after
{Heap after GC invocations=80 (full 0):
 garbage-first heap   total reserved 1015808K, committed 97280K, used 32892K [0x00000000c2000000, 0x0000000100000000)
  region size 1024K, 1 young (1024K), 1 survivors (1024K)
 Metaspace       used 27969K, committed 28288K, reserved 1114112K
  class space    used 2857K, committed 3008K, reserved 1048576K
}
Event: 82.808 GC heap before
{Heap before GC invocations=80 (full 0):
 garbage-first heap   total reserved 1015808K, committed 97280K, used 43132K [0x00000000c2000000, 0x0000000100000000)
  region size 1024K, 3 young (3072K), 1 survivors (1024K)
 Metaspace       used 27973K, committed 28288K, reserved 1114112K
  class space    used 2858K, committed 3008K, reserved 1048576K
}
Event: 82.810 GC heap after
{Heap after GC invocations=81 (full 0):
 garbage-first heap   total reserved 1015808K, committed 97280K, used 41157K [0x00000000c2000000, 0x0000000100000000)
  region size 1024K, 1 young (1024K), 1 survivors (1024K)
 Metaspace       used 27973K, committed 28288K, reserved 1114112K
  class space    used 2858K, committed 3008K, reserved 1048576K
}
Event: 83.009 GC heap before
{Heap before GC invocations=81 (full 0):
 garbage-first heap   total reserved 1015808K, committed 97280K, used 43205K [0x00000000c2000000, 0x0000000100000000)
  region size 1024K, 3 young (3072K), 1 survivors (1024K)
 Metaspace       used 27974K, committed 28288K, reserved 1114112K
  class space    used 2858K, committed 3008K, reserved 1048576K
}
Event: 83.011 GC heap after
{Heap after GC invocations=82 (full 0):
 garbage-first heap   total reserved 1015808K, committed 97280K, used 32892K [0x00000000c2000000, 0x0000000100000000)
  region size 1024K, 1 young (1024K), 1 survivors (1024K)
 Metaspace       used 27974K, committed 28288K, reserved 1114112K
  class space    used 2858K, committed 3008K, reserved 1048576K
}
Event: 84.479 GC heap before
{Heap before GC invocations=82 (full 0):
 garbage-first heap   total reserved 1015808K, committed 97280K, used 44156K [0x00000000c2000000, 0x0000000100000000)
  region size 1024K, 4 young (4096K), 1 survivors (1024K)
 Metaspace       used 27977K, committed 28288K, reserved 1114112K
  class space    used 2858K, committed 3008K, reserved 1048576K
}
Event: 84.481 GC heap after
{Heap after GC invocations=83 (full 0):
 garbage-first heap   total reserved 1015808K, committed 97280K, used 33001K [0x00000000c2000000, 0x0000000100000000)
  region size 1024K, 1 young (1024K), 1 survivors (1024K)
 Metaspace       used 27977K, committed 28288K, reserved 1114112K
  class space    used 2858K, committed 3008K, reserved 1048576K
}
Event: 86.020 GC heap before
{Heap before GC invocations=83 (full 0):
 garbage-first heap   total reserved 1015808K, committed 97280K, used 44265K [0x00000000c2000000, 0x0000000100000000)
  region size 1024K, 4 young (4096K), 1 survivors (1024K)
 Metaspace       used 27992K, committed 28288K, reserved 1114112K
  class space    used 2858K, committed 3008K, reserved 1048576K
}
Event: 86.021 GC heap after
{Heap after GC invocations=84 (full 0):
 garbage-first heap   total reserved 1015808K, committed 97280K, used 31950K [0x00000000c2000000, 0x0000000100000000)
  region size 1024K, 1 young (1024K), 1 survivors (1024K)
 Metaspace       used 27992K, committed 28288K, reserved 1114112K
  class space    used 2858K, committed 3008K, reserved 1048576K
}
Event: 87.622 GC heap before
{Heap before GC invocations=84 (full 0):
 garbage-first heap   total reserved 1015808K, committed 97280K, used 44238K [0x00000000c2000000, 0x0000000100000000)
  region size 1024K, 4 young (4096K), 1 survivors (1024K)
 Metaspace       used 28024K, committed 28352K, reserved 1114112K
  class space    used 2858K, committed 3008K, reserved 1048576K
}
Event: 87.623 GC heap after
{Heap after GC invocations=85 (full 0):
 garbage-first heap   total reserved 1015808K, committed 97280K, used 40165K [0x00000000c2000000, 0x0000000100000000)
  region size 1024K, 1 young (1024K), 1 survivors (1024K)
 Metaspace       used 28024K, committed 28352K, reserved 1114112K
  class space    used 2858K, committed 3008K, reserved 1048576K
}

